[debug] [2018-09-04T13:34:21.347Z] ----------------------------------------------------------------------
[debug] [2018-09-04T13:34:21.350Z] Command:       C:\Program Files\nodejs\node.exe C:\Users\njaga2\AppData\Roaming\npm\node_modules\firebase-tools\bin\firebase deploy --project sj-email-test
[debug] [2018-09-04T13:34:21.350Z] CLI Version:   3.18.4
[debug] [2018-09-04T13:34:21.350Z] Platform:      win32
[debug] [2018-09-04T13:34:21.350Z] Node Version:  v8.5.0
[debug] [2018-09-04T13:34:21.350Z] Time:          Tue Sep 04 2018 19:04:21 GMT+0530 (India Standard Time)
[debug] [2018-09-04T13:34:21.350Z] ----------------------------------------------------------------------
[debug] 
[debug] [2018-09-04T13:34:21.355Z] > command requires scopes: ["email","openid","https://www.googleapis.com/auth/cloudplatformprojects.readonly","https://www.googleapis.com/auth/firebase","https://www.googleapis.com/auth/cloud-platform"]
[debug] [2018-09-04T13:34:21.355Z] > authorizing via signed-in user
[debug] [2018-09-04T13:34:21.355Z] > refreshing access token with scopes: ["email","https://www.googleapis.com/auth/cloud-platform","https://www.googleapis.com/auth/cloudplatformprojects.readonly","https://www.googleapis.com/auth/firebase","openid"]
[debug] [2018-09-04T13:34:21.355Z] >>> HTTP REQUEST POST https://www.googleapis.com/oauth2/v3/token  
 { refresh_token: '1/4IAY470J1PJY-iY4-tw0OmMJ7UySMo0vs1q468V38ng',
  client_id: '563584335869-fgrhgmd47bqnekij5i8b5pr03ho849e6.apps.googleusercontent.com',
  client_secret: 'j9iVZfS8kkCEFUPaAeJV0sAi',
  grant_type: 'refresh_token',
  scope: 'email https://www.googleapis.com/auth/cloud-platform https://www.googleapis.com/auth/cloudplatformprojects.readonly https://www.googleapis.com/auth/firebase openid' } 
 Tue Sep 04 2018 19:04:21 GMT+0530 (India Standard Time)
[debug] [2018-09-04T13:34:21.604Z] <<< HTTP RESPONSE 200
[debug] [2018-09-04T13:34:21.635Z] >>> HTTP REQUEST GET https://admin.firebase.com/v1/projects/sj-email-test  
  
 Tue Sep 04 2018 19:04:21 GMT+0530 (India Standard Time)
[debug] [2018-09-04T13:34:22.834Z] <<< HTTP RESPONSE 200
[debug] [2018-09-04T13:34:22.834Z] >>> HTTP REQUEST GET https://admin.firebase.com/v1/database/sj-email-test/tokens  
  
 Tue Sep 04 2018 19:04:22 GMT+0530 (India Standard Time)
[debug] [2018-09-04T13:34:23.775Z] <<< HTTP RESPONSE 200
[info] 
[info] === Deploying to 'sj-email-test'...
[info] 
[info] i  deploying hosting
[info] i  hosting: preparing build directory for upload...
[debug] [2018-09-04T13:34:25.811Z] >>> HTTP REQUEST PUT https://deploy.firebase.com/v1/hosting/sj-email-test/uploads/-LLZmeQL_LtkPuEA14cK?fileCount=16&message=  
  
 Tue Sep 04 2018 19:04:25 GMT+0530 (India Standard Time)
[debug] [2018-09-04T13:34:30.190Z] <<< HTTP RESPONSE 200
[debug] [2018-09-04T13:34:30.190Z] [hosting] .tgz uploaded successfully, waiting for extraction
